#! /opt/homebrew/Cellar/icarus-verilog/12.0/bin/vvp
:ivl_version "12.0 (stable)";
:ivl_delay_selection "TYPICAL";
:vpi_time_precision + 0;
:vpi_module "/opt/homebrew/Cellar/icarus-verilog/12.0/lib/ivl/system.vpi";
:vpi_module "/opt/homebrew/Cellar/icarus-verilog/12.0/lib/ivl/vhdl_sys.vpi";
:vpi_module "/opt/homebrew/Cellar/icarus-verilog/12.0/lib/ivl/vhdl_textio.vpi";
:vpi_module "/opt/homebrew/Cellar/icarus-verilog/12.0/lib/ivl/v2005_math.vpi";
:vpi_module "/opt/homebrew/Cellar/icarus-verilog/12.0/lib/ivl/va_math.vpi";
:vpi_module "/opt/homebrew/Cellar/icarus-verilog/12.0/lib/ivl/v2009.vpi";
S_0x13a709aa0 .scope package, "$unit" "$unit" 2 1;
 .timescale 0 0;
S_0x13a7118f0 .scope module, "top_level" "top_level" 3 9;
 .timescale 0 0;
    .port_info 0 /INPUT 1 "clk_100mhz";
    .port_info 1 /INPUT 16 "sw";
    .port_info 2 /INPUT 4 "btn";
    .port_info 3 /INPUT 3 "pmoda1";
    .port_info 4 /OUTPUT 1 "pmoda_mclk_0";
    .port_info 5 /OUTPUT 1 "pmoda_mclk_1";
    .port_info 6 /OUTPUT 3 "pmoda";
    .port_info 7 /OUTPUT 16 "led";
    .port_info 8 /OUTPUT 3 "rgb0";
    .port_info 9 /OUTPUT 3 "rgb1";
    .port_info 10 /OUTPUT 3 "hdmi_tx_p";
    .port_info 11 /OUTPUT 3 "hdmi_tx_n";
    .port_info 12 /OUTPUT 1 "hdmi_clk_p";
    .port_info 13 /OUTPUT 1 "hdmi_clk_n";
    .port_info 14 /OUTPUT 1 "debug_mclk_t";
    .port_info 15 /OUTPUT 1 "debug_ws_t";
    .port_info 16 /OUTPUT 1 "debug_sck_t";
    .port_info 17 /OUTPUT 1 "debug_dout_t";
    .port_info 18 /OUTPUT 1 "debug_mclk_r";
    .port_info 19 /OUTPUT 1 "debug_ws_r";
    .port_info 20 /OUTPUT 1 "debug_sck_r";
    .port_info 21 /OUTPUT 1 "debug_din_r";
P_0x13a711b30 .param/l "ADDR_WIDTH" 0 3 137, +C4<00000000000000000000000000001010>;
P_0x13a711b70 .param/l "BRAM_DEPTH" 0 3 58, +C4<00000000000000000000010000000000>;
P_0x13a711bb0 .param/l "BRAM_WIDTH" 0 3 57, +C4<00000000000000000000000000011000>;
P_0x13a711bf0 .param/l "NUM_FACES" 0 3 487, +C4<00000000000000000000000000000111>;
P_0x13a711c30 .param/l "TOTAL_LEDS" 0 3 383, +C4<00000000000000000000010000000000>;
P_0x13a711c70 .param/l "WAVE_BITS" 0 3 619, +C4<00000000000000000000000000001000>;
P_0x13a711cb0 .param/l "WAVE_LENGTH" 0 3 618, +C4<00000000000000000000001100100000>;
P_0x13a711cf0 .param/l "WAVE_START" 0 3 620, C4<00011110000>;
o0x140018f40 .functor BUFZ 16, C4<zzzzzzzzzzzzzzzz>; HiZ drive
L_0x13a71f920 .functor BUFZ 16, o0x140018f40, C4<0000000000000000>, C4<0000000000000000>, C4<0000000000000000>;
L_0x13a723550 .functor BUFZ 1, v0x13a721c50_0, C4<0>, C4<0>, C4<0>;
L_0x13a7238b0 .functor BUFZ 1, v0x13a721c50_0, C4<0>, C4<0>, C4<0>;
L_0x13a723c20 .functor BUFZ 1, v0x13a721c50_0, C4<0>, C4<0>, C4<0>;
L_0x13a723d70 .functor BUFZ 1, v0x13a7228d0_0, C4<0>, C4<0>, C4<0>;
L_0x13a723fb0 .functor BUFZ 1, v0x13a721320_0, C4<0>, C4<0>, C4<0>;
L_0x13a724060 .functor BUFZ 1, v0x13a7228d0_0, C4<0>, C4<0>, C4<0>;
L_0x13a724110 .functor BUFZ 1, v0x13a721320_0, C4<0>, C4<0>, C4<0>;
L_0x13a724660 .functor OR 1, v0x13a7207e0_0, L_0x13a7233b0, C4<0>, C4<0>;
L_0x13a7246d0 .functor BUFZ 1, v0x13a720b10_0, C4<0>, C4<0>, C4<0>;
L_0x13a7247a0 .functor BUFZ 1, v0x13a720b10_0, C4<0>, C4<0>, C4<0>;
L_0x13a725080 .functor AND 1, L_0x13a724c50, L_0x13a724ea0, C4<1>, C4<1>;
L_0x13a725670 .functor OR 8, v0x13a722ed0_0, v0x13a720530_0, C4<00000000>, C4<00000000>;
L_0x13a7256e0 .functor OR 8, v0x13a722e20_0, v0x13a720480_0, C4<00000000>, C4<00000000>;
L_0x13a7250f0 .functor OR 8, v0x13a722d70_0, v0x13a7203d0_0, C4<00000000>, C4<00000000>;
v0x13a710620_0 .net *"_ivl_31", 0 0, v0x13a7230e0_0;  1 drivers
v0x13a71f370_0 .net *"_ivl_35", 0 0, L_0x13a723d70;  1 drivers
v0x13a71f420_0 .net *"_ivl_40", 0 0, L_0x13a723fb0;  1 drivers
v0x13a71f4e0_0 .net *"_ivl_46", 0 0, L_0x13a724210;  1 drivers
v0x13a71f590_0 .net *"_ivl_48", 0 0, L_0x13a7242b0;  1 drivers
v0x13a71f680_0 .net *"_ivl_50", 0 0, L_0x13a7243b0;  1 drivers
v0x13a71f730_0 .net *"_ivl_59", 10 0, L_0x13a724810;  1 drivers
L_0x1400500a0 .functor BUFT 1, C4<0>, C4<0>, C4<0>, C4<0>;
v0x13a71f7e0_0 .net *"_ivl_62", 0 0, L_0x1400500a0;  1 drivers
v0x13a71f890_0 .net *"_ivl_63", 10 0, L_0x13a724950;  1 drivers
L_0x1400500e8 .functor BUFT 1, C4<0>, C4<0>, C4<0>, C4<0>;
v0x13a71f9a0_0 .net *"_ivl_66", 0 0, L_0x1400500e8;  1 drivers
L_0x140050130 .functor BUFT 1, C4<00011110000>, C4<0>, C4<0>, C4<0>;
v0x13a71fa50_0 .net/2u *"_ivl_69", 10 0, L_0x140050130;  1 drivers
v0x13a71fb00_0 .net *"_ivl_71", 0 0, L_0x13a724c50;  1 drivers
v0x13a71fba0_0 .net *"_ivl_73", 31 0, L_0x13a724dc0;  1 drivers
L_0x140050178 .functor BUFT 1, C4<000000000000000000000>, C4<0>, C4<0>, C4<0>;
v0x13a71fc50_0 .net *"_ivl_76", 20 0, L_0x140050178;  1 drivers
L_0x1400501c0 .functor BUFT 1, C4<00000000000000000000010000010000>, C4<0>, C4<0>, C4<0>;
v0x13a71fd00_0 .net/2u *"_ivl_77", 31 0, L_0x1400501c0;  1 drivers
v0x13a71fdb0_0 .net *"_ivl_79", 0 0, L_0x13a724ea0;  1 drivers
v0x13a71fe50_0 .net *"_ivl_82", 0 0, L_0x13a725080;  1 drivers
L_0x140050208 .functor BUFT 1, C4<00011110000>, C4<0>, C4<0>, C4<0>;
v0x13a71ffe0_0 .net/2u *"_ivl_83", 10 0, L_0x140050208;  1 drivers
v0x13a720070_0 .net *"_ivl_85", 10 0, L_0x13a725160;  1 drivers
v0x13a720110_0 .net *"_ivl_87", 10 0, L_0x13a725200;  1 drivers
L_0x140050250 .functor BUFT 1, C4<0>, C4<0>, C4<0>, C4<0>;
v0x13a7201c0_0 .net *"_ivl_90", 0 0, L_0x140050250;  1 drivers
v0x13a720270_0 .net *"_ivl_91", 10 0, L_0x13a7253d0;  1 drivers
L_0x140050298 .functor BUFT 1, C4<00000000000>, C4<0>, C4<0>, C4<0>;
v0x13a720320_0 .net/2u *"_ivl_93", 10 0, L_0x140050298;  1 drivers
v0x13a7203d0_0 .var "b_b", 7 0;
v0x13a720480_0 .var "b_g", 7 0;
v0x13a720530_0 .var "b_r", 7 0;
v0x13a7205e0_0 .net "blue", 7 0, L_0x13a7250f0;  1 drivers
v0x13a720690_0 .var "both_data_valid", 0 0;
o0x140018550 .functor BUFZ 4, C4<zzzz>; HiZ drive
v0x13a720730_0 .net "btn", 3 0, o0x140018550;  0 drivers
v0x13a7207e0_0 .var "change_pic", 0 0;
v0x13a720880_0 .net "choose_pic", 2 0, L_0x13a7244d0;  1 drivers
o0x1400185e0 .functor BUFZ 1, C4<z>; HiZ drive
v0x13a720930_0 .net "clk_100mhz", 0 0, o0x1400185e0;  0 drivers
v0x13a7209d0_0 .var "clk_98mhz", 0 0;
v0x13a71fef0_0 .var "clk_pixel", 0 0;
v0x13a720c60_0 .var "count_clk_for_i2s", 3 0;
v0x13a720cf0_0 .net "debug_din_r", 0 0, L_0x13a723b60;  1 drivers
v0x13a720d80_0 .net "debug_dout_t", 0 0, L_0x13a724110;  1 drivers
v0x13a720e10_0 .net "debug_mclk_r", 0 0, L_0x13a7238b0;  1 drivers
v0x13a720ea0_0 .net "debug_mclk_t", 0 0, L_0x13a7247a0;  1 drivers
v0x13a720f40_0 .net "debug_sck_r", 0 0, L_0x13a723aa0;  1 drivers
v0x13a720fe0_0 .net "debug_sck_t", 0 0, L_0x13a724060;  1 drivers
v0x13a721080_0 .net "debug_ws_r", 0 0, L_0x13a723960;  1 drivers
v0x13a721120_0 .net "debug_ws_t", 0 0, L_0x13a7246d0;  1 drivers
v0x13a7211c0_0 .var/s "dinb_left", 23 0;
v0x13a721270_0 .var/s "dinb_right", 23 0;
v0x13a721320_0 .var "dout_t", 0 0;
v0x13a7213c0_0 .var "frame_count", 5 0;
v0x13a721470_0 .var "frame_zero_cdc", 1 0;
v0x13a721520_0 .net "game_rst", 0 0, L_0x13a723450;  1 drivers
v0x13a7215c0_0 .net "green", 7 0, L_0x13a7256e0;  1 drivers
v0x13a721670_0 .var "h_count", 10 0;
v0x13a721720 .array "h_count_buffer", 0 1, 10 0;
v0x13a7217c0_0 .var "hdmi_clk_n", 0 0;
v0x13a721860_0 .var "hdmi_clk_p", 0 0;
v0x13a721900_0 .var "hdmi_tx_n", 2 0;
v0x13a7219b0_0 .var "hdmi_tx_p", 2 0;
v0x13a721a60_0 .var/s "i2s_data_received", 23 0;
v0x13a721b10_0 .var "i2s_data_received_valid", 0 0;
v0x13a721bb0_0 .net/s "i2s_receive_data_in", 0 0, L_0x13a7237e0;  1 drivers
v0x13a721c50_0 .var "i2s_receive_master_clk", 0 0;
v0x13a721cf0_0 .net "i2s_receive_sck", 0 0, L_0x13a7236e0;  1 drivers
v0x13a721d90_0 .net "i2s_receive_ws", 0 0, L_0x13a7235e0;  1 drivers
v0x13a721e30_0 .var "last_chosen_pic", 2 0;
v0x13a721ee0_0 .net "led", 15 0, L_0x13a71f920;  1 drivers
v0x13a721f90_0 .var "led_busy", 0 0;
v0x13a720a70_0 .var "led_busy_buffer", 0 0;
v0x13a720b10_0 .var "led_data_out", 0 0;
v0x13a720bb0_0 .var "led_lit", 9 0;
v0x13a722020_0 .var "lit_all_led", 0 0;
v0x13a7220c0_0 .var/s "mono_data", 24 0;
v0x13a722170_0 .var "offset_read", 9 0;
v0x13a722220_0 .var "offset_write", 9 0;
v0x13a7222d0_0 .net "pmoda", 3 1, L_0x13a723e00;  1 drivers
o0x140018d90 .functor BUFZ 3, C4<zzz>; HiZ drive
v0x13a722380_0 .net "pmoda1", 5 7, o0x140018d90;  0 drivers
v0x13a722430_0 .net "pmoda_mclk_0", 0 0, L_0x13a723550;  1 drivers
v0x13a7224d0_0 .net "pmoda_mclk_1", 0 0, L_0x13a723c20;  1 drivers
v0x13a722570_0 .net "read_mono_address_current", 10 0, L_0x13a7254d0;  1 drivers
v0x13a722620_0 .net "red", 7 0, L_0x13a725670;  1 drivers
v0x13a7226d0_0 .net "reset_led", 0 0, L_0x13a724660;  1 drivers
L_0x140050058 .functor BUFT 1, C4<000>, C4<0>, C4<0>, C4<0>;
v0x13a722770_0 .net "rgb0", 2 0, L_0x140050058;  1 drivers
L_0x140050010 .functor BUFT 1, C4<000>, C4<0>, C4<0>, C4<0>;
v0x13a722820_0 .net "rgb1", 2 0, L_0x140050010;  1 drivers
v0x13a7228d0_0 .var "sck_t", 0 0;
v0x13a722970_0 .net "sw", 15 0, o0x140018f40;  0 drivers
v0x13a722a20_0 .var "switch_test_grb_vals", 23 0;
v0x13a722ad0_0 .net "sys_rst", 0 0, L_0x13a7233b0;  1 drivers
L_0x1400502e0 .functor BUFT 1, C4<000100010000000000000000>, C4<0>, C4<0>, C4<0>;
v0x13a722b70_0 .net/s "test_line", 23 0, L_0x1400502e0;  1 drivers
v0x13a722c20_0 .var "v_count", 9 0;
v0x13a722cd0 .array "v_count_buffer", 0 1, 9 0;
v0x13a722d70_0 .var "w_b", 7 0;
v0x13a722e20_0 .var "w_g", 7 0;
v0x13a722ed0_0 .var "w_r", 7 0;
v0x13a722f80_0 .var "write_mono_address_1", 9 0;
v0x13a723030_0 .net "write_mono_address_current", 10 0, L_0x13a724b30;  1 drivers
v0x13a7230e0_0 .var "ws_t", 0 0;
E_0x13a70ffd0 .event posedge, v0x13a71fef0_0;
E_0x13a7111e0 .event posedge, v0x13a7209d0_0;
E_0x13a711220 .event anyedge, v0x13a720bb0_0, v0x13a722970_0, v0x13a722970_0, v0x13a722970_0;
L_0x13a7233b0 .part o0x140018550, 0, 1;
L_0x13a723450 .part o0x140018550, 1, 1;
L_0x13a7235e0 .part o0x140018d90, 2, 1;
L_0x13a7236e0 .part o0x140018d90, 1, 1;
L_0x13a7237e0 .part o0x140018d90, 0, 1;
L_0x13a723960 .part o0x140018d90, 2, 1;
L_0x13a723aa0 .part o0x140018d90, 1, 1;
L_0x13a723b60 .part o0x140018d90, 0, 1;
L_0x13a723e00 .concat8 [ 1 1 1 0], v0x13a7230e0_0, L_0x13a723d70, L_0x13a723fb0;
L_0x13a724210 .part o0x140018f40, 6, 1;
L_0x13a7242b0 .part o0x140018f40, 5, 1;
L_0x13a7243b0 .part o0x140018f40, 4, 1;
L_0x13a7244d0 .concat [ 1 1 1 0], L_0x13a7243b0, L_0x13a7242b0, L_0x13a724210;
L_0x13a724810 .concat [ 10 1 0 0], v0x13a722f80_0, L_0x1400500a0;
L_0x13a724950 .concat [ 10 1 0 0], v0x13a722220_0, L_0x1400500e8;
L_0x13a724b30 .arith/sum 11, L_0x13a724810, L_0x13a724950;
L_0x13a724c50 .cmp/ge 11, v0x13a721670_0, L_0x140050130;
L_0x13a724dc0 .concat [ 11 21 0 0], v0x13a721670_0, L_0x140050178;
L_0x13a724ea0 .cmp/gt 32, L_0x1400501c0, L_0x13a724dc0;
L_0x13a725160 .arith/sub 11, v0x13a721670_0, L_0x140050208;
L_0x13a725200 .concat [ 10 1 0 0], v0x13a722170_0, L_0x140050250;
L_0x13a7253d0 .arith/sum 11, L_0x13a725160, L_0x13a725200;
L_0x13a7254d0 .functor MUXZ 11, L_0x140050298, L_0x13a7253d0, L_0x13a725080, C4<>;
    .scope S_0x13a7118f0;
T_0 ;
    %wait E_0x13a7111e0;
    %load/vec4 v0x13a722ad0_0;
    %flag_set/vec4 8;
    %jmp/0xz  T_0.0, 8;
    %pushi/vec4 0, 0, 4;
    %assign/vec4 v0x13a720c60_0, 0;
    %pushi/vec4 0, 0, 1;
    %assign/vec4 v0x13a721c50_0, 0;
    %jmp T_0.1;
T_0.0 ;
    %load/vec4 v0x13a720c60_0;
    %pad/u 32;
    %cmpi/e 3, 0, 32;
    %jmp/0xz  T_0.2, 4;
    %pushi/vec4 0, 0, 4;
    %assign/vec4 v0x13a720c60_0, 0;
    %load/vec4 v0x13a721c50_0;
    %inv;
    %assign/vec4 v0x13a721c50_0, 0;
    %jmp T_0.3;
T_0.2 ;
    %load/vec4 v0x13a720c60_0;
    %addi 1, 0, 4;
    %assign/vec4 v0x13a720c60_0, 0;
T_0.3 ;
T_0.1 ;
    %jmp T_0;
    .thread T_0;
    .scope S_0x13a7118f0;
T_1 ;
    %wait E_0x13a7111e0;
    %load/vec4 v0x13a721d90_0;
    %flag_set/vec4 9;
    %flag_get/vec4 9;
    %jmp/0 T_1.2, 9;
    %load/vec4 v0x13a721b10_0;
    %and;
T_1.2;
    %flag_set/vec4 8;
    %jmp/0xz  T_1.0, 8;
    %load/vec4 v0x13a721a60_0;
    %assign/vec4 v0x13a7211c0_0, 0;
    %jmp T_1.1;
T_1.0 ;
    %load/vec4 v0x13a721d90_0;
    %nor/r;
    %flag_set/vec4 9;
    %flag_get/vec4 9;
    %jmp/0 T_1.5, 9;
    %load/vec4 v0x13a721b10_0;
    %and;
T_1.5;
    %flag_set/vec4 8;
    %jmp/0xz  T_1.3, 8;
    %load/vec4 v0x13a721a60_0;
    %assign/vec4 v0x13a721270_0, 0;
    %pushi/vec4 1, 0, 1;
    %assign/vec4 v0x13a720690_0, 0;
    %load/vec4 v0x13a721a60_0;
    %pad/s 25;
    %load/vec4 v0x13a7211c0_0;
    %pad/s 25;
    %add;
    %ix/load 4, 1, 0;
    %flag_set/imm 4, 0;
    %shiftr/s 4;
    %assign/vec4 v0x13a7220c0_0, 0;
    %jmp T_1.4;
T_1.3 ;
    %pushi/vec4 0, 0, 1;
    %assign/vec4 v0x13a720690_0, 0;
T_1.4 ;
T_1.1 ;
    %jmp T_1;
    .thread T_1;
    .scope S_0x13a7118f0;
T_2 ;
    %wait E_0x13a7111e0;
    %load/vec4 v0x13a721f90_0;
    %assign/vec4 v0x13a720a70_0, 0;
    %jmp T_2;
    .thread T_2;
    .scope S_0x13a7118f0;
T_3 ;
Ewait_0 .event/or E_0x13a711220, E_0x0;
    %wait Ewait_0;
    %load/vec4 v0x13a720bb0_0;
    %pad/u 32;
    %cmpi/e 1, 0, 32;
    %jmp/0xz  T_3.0, 4;
    %pushi/vec4 986895, 0, 24;
    %store/vec4 v0x13a722a20_0, 0, 24;
    %jmp T_3.1;
T_3.0 ;
    %load/vec4 v0x13a722970_0;
    %parti/s 1, 0, 2;
    %flag_set/vec4 8;
    %jmp/0xz  T_3.2, 8;
    %pushi/vec4 983040, 0, 24;
    %store/vec4 v0x13a722a20_0, 0, 24;
    %jmp T_3.3;
T_3.2 ;
    %load/vec4 v0x13a722970_0;
    %parti/s 1, 1, 2;
    %flag_set/vec4 8;
    %jmp/0xz  T_3.4, 8;
    %pushi/vec4 3840, 0, 24;
    %store/vec4 v0x13a722a20_0, 0, 24;
    %jmp T_3.5;
T_3.4 ;
    %load/vec4 v0x13a722970_0;
    %parti/s 1, 2, 3;
    %flag_set/vec4 8;
    %jmp/0xz  T_3.6, 8;
    %pushi/vec4 15, 0, 24;
    %store/vec4 v0x13a722a20_0, 0, 24;
    %jmp T_3.7;
T_3.6 ;
    %pushi/vec4 3855, 0, 24;
    %store/vec4 v0x13a722a20_0, 0, 24;
T_3.7 ;
T_3.5 ;
T_3.3 ;
T_3.1 ;
    %jmp T_3;
    .thread T_3, $push;
    .scope S_0x13a7118f0;
T_4 ;
    %wait E_0x13a7111e0;
    %load/vec4 v0x13a7226d0_0;
    %flag_set/vec4 8;
    %jmp/0xz  T_4.0, 8;
    %pushi/vec4 0, 0, 1;
    %assign/vec4 v0x13a722020_0, 0;
    %jmp T_4.1;
T_4.0 ;
    %load/vec4 v0x13a720bb0_0;
    %pad/u 32;
    %cmpi/e 1023, 0, 32;
    %jmp/0xz  T_4.2, 4;
    %pushi/vec4 1, 0, 1;
    %assign/vec4 v0x13a722020_0, 0;
T_4.2 ;
T_4.1 ;
    %jmp T_4;
    .thread T_4;
    .scope S_0x13a7118f0;
T_5 ;
    %wait E_0x13a7111e0;
    %load/vec4 v0x13a720880_0;
    %assign/vec4 v0x13a721e30_0, 0;
    %load/vec4 v0x13a721e30_0;
    %load/vec4 v0x13a720880_0;
    %cmp/ne;
    %jmp/0xz  T_5.0, 4;
    %pushi/vec4 1, 0, 1;
    %assign/vec4 v0x13a7207e0_0, 0;
    %jmp T_5.1;
T_5.0 ;
    %pushi/vec4 0, 0, 1;
    %store/vec4 v0x13a7207e0_0, 0, 1;
T_5.1 ;
    %jmp T_5;
    .thread T_5;
    .scope S_0x13a7118f0;
T_6 ;
    %wait E_0x13a7111e0;
    %load/vec4 v0x13a721470_0;
    %parti/s 1, 1, 2;
    %flag_set/vec4 8;
    %jmp/0 T_6.0, 8;
    %pushi/vec4 0, 0, 32;
    %jmp/1 T_6.1, 8;
T_6.0 ; End of true expr.
    %pushi/vec4 800, 0, 32;
    %jmp/0 T_6.1, 8;
 ; End of false expr.
    %blend;
T_6.1;
    %pad/s 10;
    %assign/vec4 v0x13a722220_0, 0;
    %load/vec4 v0x13a721470_0;
    %parti/s 1, 0, 2;
    %load/vec4 v0x13a7213c0_0;
    %parti/s 1, 0, 2;
    %concat/vec4; draw_concat_vec4
    %assign/vec4 v0x13a721470_0, 0;
    %jmp T_6;
    .thread T_6;
    .scope S_0x13a7118f0;
T_7 ;
    %wait E_0x13a70ffd0;
    %load/vec4 v0x13a7213c0_0;
    %parti/s 1, 0, 2;
    %flag_set/vec4 8;
    %jmp/0 T_7.0, 8;
    %pushi/vec4 800, 0, 32;
    %jmp/1 T_7.1, 8;
T_7.0 ; End of true expr.
    %pushi/vec4 0, 0, 32;
    %jmp/0 T_7.1, 8;
 ; End of false expr.
    %blend;
T_7.1;
    %pad/s 10;
    %assign/vec4 v0x13a722170_0, 0;
    %jmp T_7;
    .thread T_7;
    .scope S_0x13a7118f0;
T_8 ;
    %wait E_0x13a70ffd0;
    %load/vec4 v0x13a721670_0;
    %ix/load 3, 0, 0;
    %flag_set/imm 4, 0;
    %ix/load 4, 0, 0; Constant delay
    %assign/vec4/a/d v0x13a721720, 0, 4;
    %ix/load 4, 0, 0;
    %flag_set/imm 4, 0;
    %load/vec4a v0x13a721720, 4;
    %ix/load 3, 1, 0;
    %flag_set/imm 4, 0;
    %ix/load 4, 0, 0; Constant delay
    %assign/vec4/a/d v0x13a721720, 0, 4;
    %load/vec4 v0x13a722c20_0;
    %ix/load 3, 0, 0;
    %flag_set/imm 4, 0;
    %ix/load 4, 0, 0; Constant delay
    %assign/vec4/a/d v0x13a722cd0, 0, 4;
    %ix/load 4, 0, 0;
    %flag_set/imm 4, 0;
    %load/vec4a v0x13a722cd0, 4;
    %ix/load 3, 1, 0;
    %flag_set/imm 4, 0;
    %ix/load 4, 0, 0; Constant delay
    %assign/vec4/a/d v0x13a722cd0, 0, 4;
    %jmp T_8;
    .thread T_8;
# The file index is used to find the file name in the following table.
:file_names 4;
    "N/A";
    "<interactive>";
    "-";
    "./hdl/top_level.sv";
